<?xml version="1.0" encoding="UTF-8"?>
<testsuite name="NumeralSystemConverterTest" tests="1" skipped="0" failures="0" errors="0" timestamp="2022-07-03T07:28:16" hostname="mycomp" time="0.156">
  <properties/>
  <testcase name="start" classname="NumeralSystemConverterTest" time="0.156"/>
  <system-out><![CDATA[?[1;31m
Start test 1?[0m
Enter number in decimal system: > 68

 Enter target base: > 16
Conversion result: 44
?[1;31m
Start test 2?[0m
Enter number in decimal system: > 699

 Enter target base: > 16
Conversion result: 2bb
?[1;31m
Start test 3?[0m
Enter number in decimal system: > 661

 Enter target base: > 16
Conversion result: 295
?[1;31m
Start test 4?[0m
Enter number in decimal system: > 178

 Enter target base: > 2
Conversion result: 10110010
?[1;31m
Start test 5?[0m
Enter number in decimal system: > 260

 Enter target base: > 8
Conversion result: 404
]]></system-out>
  <system-err><![CDATA[]]></system-err>
</testsuite>
